
> morengy-website@1.0.0 build
> next build

   ▲ Next.js 15.5.6

   Creating an optimized production build ...
 ✓ Compiled successfully in 11.4s
   Linting and checking validity of types ...
   Collecting page data ...
   Generating static pages (0/10) ...
 ⚠ metadataBase property in metadata export is not set for resolving social open graph or twitter images, using "http://localhost:3000". See https://nextjs.org/docs/app/api-reference/functions/generate-metadata#metadatabase
   Generating static pages (2/10) 
   Generating static pages (4/10) 
   Generating static pages (7/10) 
 ✓ Generating static pages (10/10)
   Finalizing page optimization ...
   Collecting build traces ...

Route (app)                                 Size  First Load JS
┌ ○ /                                    6.82 kB         152 kB
├ ○ /_not-found                            995 B         103 kB
├ ○ /about                               2.89 kB         144 kB
├ ○ /contact                             5.45 kB         146 kB
├ ○ /fighters                            4.11 kB         149 kB
├ ○ /gallery                              5.9 kB         147 kB
├ ○ /game                                1.59 kB         142 kB
└ ○ /news                                5.98 kB         147 kB
+ First Load JS shared by all             102 kB
  ├ chunks/255-cf2e1d3491ac955b.js       45.7 kB
  ├ chunks/4bd1b696-c023c6e3521b1417.js  54.2 kB
  └ other shared chunks (total)          1.99 kB


○  (Static)  prerendered as static content

